# JRE version: Java(TM) SE Runtime Environment (15.0.2+7) (build 15.0.2+7-27)
# Java VM: Java HotSpot(TM) 64-Bit Server VM (15.0.2+7-27, mixed mode, sharing, tiered, compressed oops, g1 gc, windows-amd64)
GC Precious Log:
 CPUs: 8 total, 8 available
 Memory: 8062M
 Large Page Support: Disabled
 NUMA Support: Disabled
 Compressed Oops: Enabled (32-bit)
 Heap Region Size: 1M
 Heap Min Capacity: 8M
 Heap Initial Capacity: 126M
 Heap Max Capacity: 2016M
 Pre-touch: Disabled
 Parallel Workers: 8
 Concurrent Workers: 2
 Concurrent Refinement Workers: 8
 Periodic GC: Disabled
Heap:
 garbage-first heap   total 129024K, used 43503K [0x0000000082000000, 0x0000000100000000)
  region size 1024K, 35 young (35840K), 4 survivors (4096K)
 Metaspace       used 18395K, capacity 18810K, committed 18944K, reserved 1064960K
  class space    used 2339K, capacity 2435K, committed 2560K, reserved 1048576K
GC Heap History (8 events):
Event: 7.191 GC heap before
{Heap before GC invocations=0 (full 0):
 garbage-first heap   total 129024K, used 24576K [0x0000000082000000, 0x0000000100000000)
  region size 1024K, 23 young (23552K), 0 survivors (0K)
 Metaspace       used 5521K, capacity 5645K, committed 5888K, reserved 1056768K
  class space    used 644K, capacity 702K, committed 768K, reserved 1048576K
}
Event: 7.302 GC heap after
{Heap after GC invocations=1 (full 0):
 garbage-first heap   total 129024K, used 9929K [0x0000000082000000, 0x0000000100000000)
  region size 1024K, 3 young (3072K), 3 survivors (3072K)
 Metaspace       used 5521K, capacity 5645K, committed 5888K, reserved 1056768K
  class space    used 644K, capacity 702K, committed 768K, reserved 1048576K
}
Event: 8.781 GC heap before
{Heap before GC invocations=1 (full 0):
 garbage-first heap   total 129024K, used 31433K [0x0000000082000000, 0x0000000100000000)
  region size 1024K, 25 young (25600K), 3 survivors (3072K)
 Metaspace       used 7036K, capacity 7208K, committed 7424K, reserved 1056768K
  class space    used 834K, capacity 903K, committed 1024K, reserved 1048576K
}
Event: 8.787 GC heap after
{Heap after GC invocations=2 (full 0):
 garbage-first heap   total 129024K, used 10847K [0x0000000082000000, 0x0000000100000000)
  region size 1024K, 1 young (1024K), 1 survivors (1024K)
 Metaspace       used 7036K, capacity 7208K, committed 7424K, reserved 1056768K
  class space    used 834K, capacity 903K, committed 1024K, reserved 1048576K
}
Event: 9.981 GC heap before
{Heap before GC invocations=2 (full 0):
 garbage-first heap   total 129024K, used 53855K [0x0000000082000000, 0x0000000100000000)
  region size 1024K, 43 young (44032K), 1 survivors (1024K)
 Metaspace       used 7178K, capacity 7342K, committed 7680K, reserved 1056768K
  class space    used 858K, capacity 905K, committed 1024K, reserved 1048576K
}
Event: 10.306 GC heap after
{Heap after GC invocations=3 (full 0):
 garbage-first heap   total 129024K, used 10764K [0x0000000082000000, 0x0000000100000000)
  region size 1024K, 1 young (1024K), 1 survivors (1024K)
 Metaspace       used 7178K, capacity 7342K, committed 7680K, reserved 1056768K
  class space    used 858K, capacity 905K, committed 1024K, reserved 1048576K
}
Event: 15.204 GC heap before
{Heap before GC invocations=3 (full 0):
 garbage-first heap   total 129024K, used 85516K [0x0000000082000000, 0x0000000100000000)
  region size 1024K, 75 young (76800K), 1 survivors (1024K)
 Metaspace       used 16768K, capacity 17064K, committed 17152K, reserved 1064960K
  class space    used 2163K, capacity 2259K, committed 2304K, reserved 1048576K
}
Event: 15.273 GC heap after
{Heap after GC invocations=4 (full 0):
 garbage-first heap   total 129024K, used 13807K [0x0000000082000000, 0x0000000100000000)
  region size 1024K, 4 young (4096K), 4 survivors (4096K)
 Metaspace       used 16768K, capacity 17064K, committed 17152K, reserved 1064960K
  class space    used 2163K, capacity 2259K, committed 2304K, reserved 1048576K
}

