# JRE version: Java(TM) SE Runtime Environment (15.0.2+7) (build 15.0.2+7-27)
# Java VM: Java HotSpot(TM) 64-Bit Server VM (15.0.2+7-27, mixed mode, sharing, tiered, compressed oops, g1 gc, windows-amd64)
GC Precious Log:
 CPUs: 8 total, 8 available
 Memory: 8062M
 Large Page Support: Disabled
 NUMA Support: Disabled
 Compressed Oops: Enabled (32-bit)
 Heap Region Size: 1M
 Heap Min Capacity: 8M
 Heap Initial Capacity: 126M
 Heap Max Capacity: 2016M
 Pre-touch: Disabled
 Parallel Workers: 8
 Concurrent Workers: 2
 Concurrent Refinement Workers: 8
 Periodic GC: Disabled
Heap:
 garbage-first heap   total 70656K, used 40498K [0x0000000082000000, 0x0000000100000000)
  region size 1024K, 7 young (7168K), 2 survivors (2048K)
 Metaspace       used 55842K, capacity 56425K, committed 56476K, reserved 1097728K
  class space    used 7434K, capacity 7647K, committed 7676K, reserved 1048576K
GC Heap History (20 events):
Event: 24.524 GC heap before
{Heap before GC invocations=16 (full 0):
 garbage-first heap   total 68608K, used 53977K [0x0000000082000000, 0x0000000100000000)
  region size 1024K, 31 young (31744K), 3 survivors (3072K)
 Metaspace       used 42617K, capacity 43084K, committed 43292K, reserved 1087488K
  class space    used 5555K, capacity 5716K, committed 5756K, reserved 1048576K
}
Event: 24.532 GC heap after
{Heap after GC invocations=17 (full 0):
 garbage-first heap   total 68608K, used 28022K [0x0000000082000000, 0x0000000100000000)
  region size 1024K, 4 young (4096K), 4 survivors (4096K)
 Metaspace       used 42617K, capacity 43084K, committed 43292K, reserved 1087488K
  class space    used 5555K, capacity 5716K, committed 5756K, reserved 1048576K
}
Event: 25.930 GC heap before
{Heap before GC invocations=17 (full 0):
 garbage-first heap   total 68608K, used 53622K [0x0000000082000000, 0x0000000100000000)
  region size 1024K, 30 young (30720K), 4 survivors (4096K)
 Metaspace       used 46625K, capacity 47137K, committed 47260K, reserved 1089536K
  class space    used 6127K, capacity 6296K, committed 6396K, reserved 1048576K
}
Event: 25.938 GC heap after
{Heap after GC invocations=18 (full 0):
 garbage-first heap   total 68608K, used 29319K [0x0000000082000000, 0x0000000100000000)
  region size 1024K, 2 young (2048K), 2 survivors (2048K)
 Metaspace       used 46625K, capacity 47137K, committed 47260K, reserved 1089536K
  class space    used 6127K, capacity 6296K, committed 6396K, reserved 1048576K
}
Event: 27.730 GC heap before
{Heap before GC invocations=18 (full 0):
 garbage-first heap   total 68608K, used 54919K [0x0000000082000000, 0x0000000100000000)
  region size 1024K, 27 young (27648K), 2 survivors (2048K)
 Metaspace       used 50202K, capacity 50752K, committed 50844K, reserved 1093632K
  class space    used 6657K, capacity 6854K, committed 6908K, reserved 1048576K
}
Event: 27.734 GC heap after
{Heap after GC invocations=19 (full 0):
 garbage-first heap   total 68608K, used 29997K [0x0000000082000000, 0x0000000100000000)
  region size 1024K, 2 young (2048K), 2 survivors (2048K)
 Metaspace       used 50202K, capacity 50752K, committed 50844K, reserved 1093632K
  class space    used 6657K, capacity 6854K, committed 6908K, reserved 1048576K
}
Event: 28.592 GC heap before
{Heap before GC invocations=19 (full 0):
 garbage-first heap   total 68608K, used 55597K [0x0000000082000000, 0x0000000100000000)
  region size 1024K, 27 young (27648K), 2 survivors (2048K)
 Metaspace       used 51021K, capacity 51584K, committed 51740K, reserved 1093632K
  class space    used 6733K, capacity 6918K, committed 7036K, reserved 1048576K
}
Event: 28.605 GC heap after
{Heap after GC invocations=20 (full 0):
 garbage-first heap   total 68608K, used 31377K [0x0000000082000000, 0x0000000100000000)
  region size 1024K, 4 young (4096K), 4 survivors (4096K)
 Metaspace       used 51021K, capacity 51584K, committed 51740K, reserved 1093632K
  class space    used 6733K, capacity 6918K, committed 7036K, reserved 1048576K
}
Event: 29.248 GC heap before
{Heap before GC invocations=20 (full 0):
 garbage-first heap   total 68608K, used 55953K [0x0000000082000000, 0x0000000100000000)
  region size 1024K, 28 young (28672K), 4 survivors (4096K)
 Metaspace       used 52686K, capacity 53225K, committed 53532K, reserved 1095680K
  class space    used 6963K, capacity 7144K, committed 7292K, reserved 1048576K
}
Event: 29.256 GC heap after
{Heap after GC invocations=21 (full 0):
 garbage-first heap   total 68608K, used 32077K [0x0000000082000000, 0x0000000100000000)
  region size 1024K, 3 young (3072K), 3 survivors (3072K)
 Metaspace       used 52686K, capacity 53225K, committed 53532K, reserved 1095680K
  class space    used 6963K, capacity 7144K, committed 7292K, reserved 1048576K
}
Event: 30.239 GC heap before
{Heap before GC invocations=21 (full 0):
 garbage-first heap   total 68608K, used 55629K [0x0000000082000000, 0x0000000100000000)
  region size 1024K, 26 young (26624K), 3 survivors (3072K)
 Metaspace       used 53888K, capacity 54515K, committed 54684K, reserved 1097728K
  class space    used 7128K, capacity 7315K, committed 7420K, reserved 1048576K
}
Event: 30.246 GC heap after
{Heap after GC invocations=22 (full 0):
 garbage-first heap   total 68608K, used 32850K [0x0000000082000000, 0x0000000100000000)
  region size 1024K, 3 young (3072K), 3 survivors (3072K)
 Metaspace       used 53888K, capacity 54515K, committed 54684K, reserved 1097728K
  class space    used 7128K, capacity 7315K, committed 7420K, reserved 1048576K
}
Event: 31.097 GC heap before
{Heap before GC invocations=22 (full 0):
 garbage-first heap   total 68608K, used 56402K [0x0000000082000000, 0x0000000100000000)
  region size 1024K, 26 young (26624K), 3 survivors (3072K)
 Metaspace       used 54786K, capacity 55374K, committed 55580K, reserved 1097728K
  class space    used 7260K, capacity 7449K, committed 7548K, reserved 1048576K
}
Event: 31.106 GC heap after
{Heap after GC invocations=23 (full 0):
 garbage-first heap   total 68608K, used 33899K [0x0000000082000000, 0x0000000100000000)
  region size 1024K, 3 young (3072K), 3 survivors (3072K)
 Metaspace       used 54786K, capacity 55374K, committed 55580K, reserved 1097728K
  class space    used 7260K, capacity 7449K, committed 7548K, reserved 1048576K
}
Event: 31.819 GC heap before
{Heap before GC invocations=23 (full 0):
 garbage-first heap   total 68608K, used 56427K [0x0000000082000000, 0x0000000100000000)
  region size 1024K, 25 young (25600K), 3 survivors (3072K)
 Metaspace       used 54972K, capacity 55514K, committed 55836K, reserved 1097728K
  class space    used 7281K, capacity 7451K, committed 7548K, reserved 1048576K
}
Event: 31.825 GC heap after
{Heap after GC invocations=24 (full 0):
 garbage-first heap   total 68608K, used 34428K [0x0000000082000000, 0x0000000100000000)
  region size 1024K, 3 young (3072K), 3 survivors (3072K)
 Metaspace       used 54972K, capacity 55514K, committed 55836K, reserved 1097728K
  class space    used 7281K, capacity 7451K, committed 7548K, reserved 1048576K
}
Event: 32.472 GC heap before
{Heap before GC invocations=25 (full 0):
 garbage-first heap   total 68608K, used 56956K [0x0000000082000000, 0x0000000100000000)
  region size 1024K, 25 young (25600K), 3 survivors (3072K)
 Metaspace       used 55159K, capacity 55744K, committed 55964K, reserved 1097728K
  class space    used 7344K, capacity 7548K, committed 7676K, reserved 1048576K
}
Event: 32.479 GC heap after
{Heap after GC invocations=26 (full 0):
 garbage-first heap   total 68608K, used 35607K [0x0000000082000000, 0x0000000100000000)
  region size 1024K, 3 young (3072K), 3 survivors (3072K)
 Metaspace       used 55159K, capacity 55744K, committed 55964K, reserved 1097728K
  class space    used 7344K, capacity 7548K, committed 7676K, reserved 1048576K
}
Event: 33.083 GC heap before
{Heap before GC invocations=26 (full 0):
 garbage-first heap   total 68608K, used 57111K [0x0000000082000000, 0x0000000100000000)
  region size 1024K, 24 young (24576K), 3 survivors (3072K)
 Metaspace       used 55744K, capacity 56326K, committed 56476K, reserved 1097728K
  class space    used 7421K, capacity 7614K, committed 7676K, reserved 1048576K
}
Event: 33.090 GC heap after
{Heap after GC invocations=27 (full 0):
 garbage-first heap   total 68608K, used 36402K [0x0000000082000000, 0x0000000100000000)
  region size 1024K, 2 young (2048K), 2 survivors (2048K)
 Metaspace       used 55744K, capacity 56326K, committed 56476K, reserved 1097728K
  class space    used 7421K, capacity 7614K, committed 7676K, reserved 1048576K
}

